<?xml version="1.0" encoding="UTF-8"?>
<testsuite name="com.indra.runners.FileUploadRunners" tests="0" skipped="0" failures="0" errors="0" timestamp="1970-01-01T00:00:00" hostname="22LAP5CD1346NKF" time="0.0">
  <properties/>
  <system-out><![CDATA[17:24:17.644 [Test worker] DEBUG net.thucydides.core.util.PropertiesFileLocalPreferences - LOADING LOCAL PROPERTIES FROM C:\EJERCICIOS_BOOTCAMP\Retos\Project_WebdriverUniversity_SubirArchivo\serenity.properties 
17:24:17.709 [Test worker] DEBUG net.thucydides.core.util.PropertiesFileLocalPreferences - LOADING LOCAL PROPERTIES FROM C:\EJERCICIOS_BOOTCAMP\Retos\Project_WebdriverUniversity_SubirArchivo\serenity.properties 
17:24:17.710 [Test worker] DEBUG net.thucydides.core.util.PropertiesFileLocalPreferences - LOADING LOCAL PROPERTIES FROM C:\EJERCICIOS_BOOTCAMP\Retos\Project_WebdriverUniversity_SubirArchivo\serenity.properties 
17:24:17.719 [Test worker] DEBUG net.thucydides.core.util.PropertiesFileLocalPreferences - webdriver.driver=chrome
17:24:17.719 [Test worker] DEBUG net.thucydides.core.util.PropertiesFileLocalPreferences - chrome.capabilities.incognito=true
17:24:17.719 [Test worker] DEBUG net.thucydides.core.util.PropertiesFileLocalPreferences - webdriver.chrome.driver=src/test/resources/drivers/chromedriver.exe
17:24:17.719 [Test worker] DEBUG net.thucydides.core.util.PropertiesFileLocalPreferences - chrome.capabilities.acceptSslCerts=true
17:24:17.719 [Test worker] DEBUG net.thucydides.core.util.PropertiesFileLocalPreferences - serenity.console.colors=true
17:24:17.719 [Test worker] DEBUG net.thucydides.core.util.PropertiesFileLocalPreferences - webdriver.base.url=https://webdriveruniversity.com/File-Upload/
17:24:17.720 [Test worker] DEBUG net.thucydides.core.util.PropertiesFileLocalPreferences - serenity.project.name=Dojo Serenity / Cucumber
17:24:17.720 [Test worker] DEBUG net.thucydides.core.util.PropertiesFileLocalPreferences - webdriver.wait.for.timeout=6000
17:24:17.720 [Test worker] DEBUG net.thucydides.core.util.PropertiesFileLocalPreferences - serenity.use.unique.browser=true
17:24:17.720 [Test worker] DEBUG net.thucydides.core.util.PropertiesFileLocalPreferences - webdriver.timeouts.implicitlywait=10000
17:24:17.720 [Test worker] DEBUG net.thucydides.core.util.PropertiesFileLocalPreferences - serenity.browser.maximized=true
17:24:18.175 [Test worker] DEBUG net.thucydides.core.util.PropertiesFileLocalPreferences - LOADING LOCAL PROPERTIES FROM C:\EJERCICIOS_BOOTCAMP\Retos\Project_WebdriverUniversity_SubirArchivo\serenity.properties 
17:24:18.185 [Test worker] DEBUG net.thucydides.core.util.PropertiesFileLocalPreferences - LOADING LOCAL PROPERTIES FROM C:\EJERCICIOS_BOOTCAMP\Retos\Project_WebdriverUniversity_SubirArchivo\serenity.properties 
17:24:18.187 [Test worker] DEBUG net.thucydides.core.util.PropertiesFileLocalPreferences - LOADING LOCAL PROPERTIES FROM C:\EJERCICIOS_BOOTCAMP\Retos\Project_WebdriverUniversity_SubirArchivo\serenity.properties 
17:24:18.189 [Test worker] DEBUG net.thucydides.core.util.PropertiesFileLocalPreferences - webdriver.driver=chrome
17:24:18.189 [Test worker] DEBUG net.thucydides.core.util.PropertiesFileLocalPreferences - chrome.capabilities.incognito=true
17:24:18.189 [Test worker] DEBUG net.thucydides.core.util.PropertiesFileLocalPreferences - webdriver.chrome.driver=src/test/resources/drivers/chromedriver.exe
17:24:18.189 [Test worker] DEBUG net.thucydides.core.util.PropertiesFileLocalPreferences - chrome.capabilities.acceptSslCerts=true
17:24:18.190 [Test worker] DEBUG net.thucydides.core.util.PropertiesFileLocalPreferences - serenity.console.colors=true
17:24:18.190 [Test worker] DEBUG net.thucydides.core.util.PropertiesFileLocalPreferences - webdriver.base.url=https://webdriveruniversity.com/File-Upload/
17:24:18.191 [Test worker] DEBUG net.thucydides.core.util.PropertiesFileLocalPreferences - serenity.project.name=Dojo Serenity / Cucumber
17:24:18.191 [Test worker] DEBUG net.thucydides.core.util.PropertiesFileLocalPreferences - webdriver.wait.for.timeout=6000
17:24:18.191 [Test worker] DEBUG net.thucydides.core.util.PropertiesFileLocalPreferences - serenity.use.unique.browser=true
17:24:18.191 [Test worker] DEBUG net.thucydides.core.util.PropertiesFileLocalPreferences - webdriver.timeouts.implicitlywait=10000
17:24:18.191 [Test worker] DEBUG net.thucydides.core.util.PropertiesFileLocalPreferences - serenity.browser.maximized=true
17:24:18.204 [Test worker] INFO net.thucydides.core.steps.ConsoleLoggingListener - ?[96m

-------------------------------------------------------------------------------------
     _______. _______ .______       _______ .__   __.  __  .___________.____    ____ 
    /       ||   ____||   _  \     |   ____||  \ |  | |  | |           |\   \  /   / 
   |   (----`|  |__   |  |_)  |    |  |__   |   \|  | |  | `---|  |----` \   \/   /  
    \   \    |   __|  |      /     |   __|  |  . `  | |  |     |  |       \_    _/   
.----)   |   |  |____ |  |\  \----.|  |____ |  |\   | |  |     |  |         |  |     
|_______/    |_______|| _| `._____||_______||__| \__| |__|     |__|         |__|    
                                                                                     
 News and tutorials at http://www.serenity-bdd.info                                  
 Documentation at https://wakaleo.gitbooks.io/the-serenity-book/content/             
 Join the Serenity Community on Rocket Chat at https://serenity-bdd.rocket.chat      
 Serenity BDD Support and Training at http://serenity-bdd.info/#/trainingandsupport  
 Learn Serenity BDD online at http://serenity-dojo.com                               
-------------------------------------------------------------------------------------
?[0m
17:24:18.213 [Test worker] DEBUG net.thucydides.core.steps.StepEventBus - Test suite started for story net.thucydides.core.model.Story@6169c014
17:24:18.216 [Test worker] INFO net.thucydides.core.steps.ConsoleLoggingListener - Test Suite Started: Adjuntar un Archivo
17:24:18.292 [Test worker] INFO net.thucydides.core.steps.ConsoleLoggingListener - 
 _____ _____ ____ _____   ____ _____  _    ____ _____ _____ ____  
|_   _| ____/ ___|_   _| / ___|_   _|/ \  |  _ \_   _| ____|  _ \ 
  | | |  _| \___ \ | |   \___ \ | | / _ \ | |_) || | |  _| | | | |
  | | | |___ ___) || |    ___) || |/ ___ \|  _ < | | | |___| |_| |
  |_| |_____|____/ |_|   |____/ |_/_/   \_\_| \_\|_| |_____|____/ 
                                                                  

TEST STARTED: Cargar cualquier archivo adjunto
-------------------------------------------------------------------(adjuntar-un-archivo;cargar-cualquier-archivo-adjunto)
17:24:18.408 [Test worker] DEBUG net.thucydides.core.requirements.model.cucumber.CucumberParser - Found no Cucumber 4.2.6 class cucumber.runtime.model.FeatureLoader try Cucumber 4.2.0 
17:24:18.409 [Test worker] DEBUG net.thucydides.core.requirements.model.cucumber.CucumberParser - Found no Cucumber 4.2.0 class cucumber.runtime.model.FeatureLoader try Cucumber 2.x.x 
17:24:28.155 [Test worker] DEBUG net.thucydides.core.reports.ReportService - Reporting formats: [JSON, HTML]
17:24:28.363 [Test worker] DEBUG net.thucydides.core.reports.ReportService - Reporting formats: [JSON, HTML]
17:24:28.394 [Test worker] DEBUG net.thucydides.core.reports.ReportService - Generating reports for 1 test outcomes using: net.thucydides.core.reports.json.JSONTestOutcomeReporter@42b320a7
17:24:28.398 [pool-1-thread-1] DEBUG net.thucydides.core.reports.ReportService - Processing test outcome Adjuntar un Archivo:Cargar cualquier archivo adjunto
17:24:28.398 [pool-1-thread-1] DEBUG net.thucydides.core.reports.ReportService - net.thucydides.core.reports.json.JSONTestOutcomeReporter@42b320a7: Generating report for test outcome: Adjuntar un Archivo:Cargar cualquier archivo adjunto
17:24:28.405 [pool-1-thread-1] DEBUG net.thucydides.core.reports.json.JSONTestOutcomeReporter - Generating JSON report for Cargar cualquier archivo adjunto to file C:\EJERCICIOS_BOOTCAMP\Retos\Project_WebdriverUniversity_SubirArchivo\target\site\serenity\12038e0a5cafefbf9f84afeb650d680f243a6fcd012571f9eb3b337bba309a1e.json (using temp file C:\EJERCICIOS_BOOTCAMP\Retos\Project_WebdriverUniversity_SubirArchivo\target\site\serenity\12038e0a5cafefbf9f84afeb650d680f243a6fcd012571f9eb3b337bba309a1e.json01bb11c2-c953-4229-a417-ce390f793e91)
17:24:28.501 [pool-1-thread-1] DEBUG net.thucydides.core.reports.ReportService - Processing test outcome Adjuntar un Archivo:Cargar cualquier archivo adjunto done
17:24:28.501 [Test worker] DEBUG net.thucydides.core.reports.ReportService - Shutting down executor service
17:24:28.501 [Test worker] DEBUG net.thucydides.core.reports.ReportService - Reports generated in: 107 ms
17:24:28.502 [Test worker] DEBUG net.thucydides.core.reports.ReportService - Generating reports for 1 test outcomes using: net.thucydides.core.reports.html.HtmlAcceptanceTestReporter@2cc1fe92
17:24:28.502 [pool-2-thread-1] DEBUG net.thucydides.core.reports.ReportService - Processing test outcome Adjuntar un Archivo:Cargar cualquier archivo adjunto
17:24:28.502 [pool-2-thread-1] DEBUG net.thucydides.core.reports.ReportService - net.thucydides.core.reports.html.HtmlAcceptanceTestReporter@2cc1fe92: Generating report for test outcome: Adjuntar un Archivo:Cargar cualquier archivo adjunto
17:24:28.503 [pool-2-thread-1] DEBUG net.thucydides.core.reports.html.HtmlAcceptanceTestReporter - GENERATE TEST OUTCOME REPORT FOR Cargar cualquier archivo adjunto in 12038e0a5cafefbf9f84afeb650d680f243a6fcd012571f9eb3b337bba309a1e
17:24:28.563 [pool-2-thread-1] DEBUG net.thucydides.core.requirements.model.cucumber.CucumberParser - Found no Cucumber 4.2.6 class cucumber.runtime.model.FeatureLoader try Cucumber 4.2.0 
17:24:28.565 [pool-2-thread-1] DEBUG net.thucydides.core.requirements.model.cucumber.CucumberParser - Found no Cucumber 4.2.0 class cucumber.runtime.model.FeatureLoader try Cucumber 2.x.x 
17:24:28.569 [pool-2-thread-1] DEBUG net.thucydides.core.requirements.RequirementsTagProvider -  found:[Requirement{name='Subir archivo', type='capability' parent = 'null', cardNumber='null'}]
17:24:28.579 [pool-2-thread-1] DEBUG net.thucydides.core.requirements.BaseRequirementsService - Requirement found for test outcome Cargar cualquier archivo adjunto-[]: Optional[Requirement{name='Adjuntar un Archivo', type='feature' parent = 'Subir archivo', cardNumber='null'}]
17:24:28.583 [pool-2-thread-1] DEBUG net.thucydides.core.requirements.BaseRequirementsService - Requirement found for test outcome Cargar cualquier archivo adjunto-[]: Optional[Requirement{name='Adjuntar un Archivo', type='feature' parent = 'Subir archivo', cardNumber='null'}]
17:24:28.665 [pool-2-thread-1] DEBUG net.thucydides.core.requirements.BaseRequirementsService - Requirement found for test outcome Cargar cualquier archivo adjunto-[]: Optional[Requirement{name='Adjuntar un Archivo', type='feature' parent = 'Subir archivo', cardNumber='null'}]
17:24:28.670 [pool-2-thread-1] DEBUG net.thucydides.core.requirements.BaseRequirementsService - Requirement found for test outcome Cargar cualquier archivo adjunto-[]: Optional[Requirement{name='Adjuntar un Archivo', type='feature' parent = 'Subir archivo', cardNumber='null'}]
17:24:28.921 [pool-2-thread-1] DEBUG net.thucydides.core.reports.html.HtmlAcceptanceTestReporter - Generating report in 12038e0a5cafefbf9f84afeb650d680f243a6fcd012571f9eb3b337bba309a1e_screenshots.html
17:24:29.532 [pool-2-thread-1] DEBUG net.thucydides.core.reports.html.HtmlAcceptanceTestReporter - Generated report 12038e0a5cafefbf9f84afeb650d680f243a6fcd012571f9eb3b337bba309a1e_screenshots.html in 611 ms
17:24:29.536 [pool-2-thread-1] DEBUG net.thucydides.core.reports.html.HtmlAcceptanceTestReporter - GENERATING HTML REPORT FOR Adjuntar un Archivo:Cargar cualquier archivo adjunto in 12038e0a5cafefbf9f84afeb650d680f243a6fcd012571f9eb3b337bba309a1e.html in directory C:\EJERCICIOS_BOOTCAMP\Retos\Project_WebdriverUniversity_SubirArchivo\target\site\serenity  
17:24:29.540 [pool-2-thread-1] DEBUG net.thucydides.core.reports.html.HtmlAcceptanceTestReporter - Generating report in 12038e0a5cafefbf9f84afeb650d680f243a6fcd012571f9eb3b337bba309a1e.html
17:24:29.772 [pool-2-thread-1] DEBUG net.thucydides.core.reports.html.HtmlAcceptanceTestReporter - Generated report 12038e0a5cafefbf9f84afeb650d680f243a6fcd012571f9eb3b337bba309a1e.html in 232 ms
17:24:29.773 [pool-2-thread-1] DEBUG net.thucydides.core.reports.ReportService - Processing test outcome Adjuntar un Archivo:Cargar cualquier archivo adjunto done
17:24:29.773 [Test worker] DEBUG net.thucydides.core.reports.ReportService - Shutting down executor service
17:24:29.774 [Test worker] DEBUG net.thucydides.core.reports.ReportService - Reports generated in: 1272 ms
17:24:30.123 [Test worker] DEBUG net.serenitybdd.core.photography.Darkroom - Closing darkroom
17:24:30.123 [Darkroom Processing Line] DEBUG net.serenitybdd.core.photography.DarkroomProcessingLine - Darkroom processing line shutting down

?[31mFailed scenarios:?[0m
?[31msrc/test/resources/features/subir_archivo/fileUpload.feature:8 ?[0m# Cargar cualquier archivo adjunto

1 Scenarios (?[31m1 failed?[0m)
3 Steps (?[31m1 failed?[0m, ?[36m1 skipped?[0m, ?[32m1 passed?[0m)
0m10,156s

org.junit.ComparisonFailure: expected:<...as now been uploaded[]!> but was:<...as now been uploaded[dddd]!>
	at org.junit.Assert.assertEquals(Assert.java:117)
	at com.indra.actions.FileUploadActions.BtnEnviarAchivos(FileUploadActions.java:18)
	at com.indra.steps_definitions.FileUploadStep.elsistemacargaunarchivo(FileUploadStep.java:23)
	at ?.el sistema carga un archivo(src/test/resources/features/subir_archivo/fileUpload.feature:10)

]]></system-out>
  <system-err><![CDATA[]]></system-err>
</testsuite>
